<?xml version="1.0" encoding="UTF-8"?>
<testsuite xmlns:xsi="http://www.w3.org/2001/XMLSchema-instance" xsi:noNamespaceSchemaLocation="https://maven.apache.org/surefire/maven-surefire-plugin/xsd/surefire-test-report.xsd" version="3.0.2" name="org.example.service.LibroServiceTest" time="3.45" tests="13" errors="0" skipped="0" failures="0">
  <properties>
[...]
</properties>
  <testcase name="buscarCategoriaCuandoSeEncuentraCorrectamente" classname="org.example.service.LibroServiceTest" time="0.426"/>
  <testcase name="buscarAutorCuandoSeEncuentraCorrectamente" classname="org.example.service.LibroServiceTest" time="0.102"/>
  <testcase name="registrarLibroCuandoSeRegitraCorrectamente" classname="org.example.service.LibroServiceTest" time="0.054"/>
  <testcase name="eliminarLibroCuandoSeEliminaCorrectamente" classname="org.example.service.LibroServiceTest" time="0.035"/>
  <testcase name="editarLibroCuandoSeEditaCorrectamente" classname="org.example.service.LibroServiceTest" time="0.03"/>
  <testcase name="buscarTituloCuandoNoExiste" classname="org.example.service.LibroServiceTest" time="0.014"/>
  <testcase name="eliminarLibroCuandoNoEstaRegistrado" classname="org.example.service.LibroServiceTest" time="0.004"/>
  <testcase name="buscarTituloCuandoSeEncuentraCorrectamente" classname="org.example.service.LibroServiceTest" time="0.024"/>
  <testcase name="buscarIsbnCuandoNoExiste" classname="org.example.service.LibroServiceTest" time="0.008"/>
  <testcase name="obtenerDisponiblesCuandoHayLibrosDisponibles" classname="org.example.service.LibroServiceTest" time="0.026"/>
  <testcase name="buscarAutorCuandoNoExiste" classname="org.example.service.LibroServiceTest" time="0.006"/>
  <testcase name="obtenerPrestadosCuandoHayLibrosPrestados" classname="org.example.service.LibroServiceTest" time="0.023"/>
  <testcase name="buscarCategoriaCuandoNoExiste" classname="org.example.service.LibroServiceTest" time="0.006"/>
</testsuite>